-------------------------------------------------------------------------------
Test set: UserTest
-------------------------------------------------------------------------------
Tests run: 4, Failures: 1, Errors: 0, Skipped: 0, Time elapsed: 0.215 s <<< FAILURE! - in UserTest
testGetEmail  Time elapsed: 0.001 s  <<< FAILURE!
org.opentest4j.AssertionFailedError: expected: <sampleEmail@Keyin.com> but was: <0>
	at UserTest.testGetEmail(UserTest.java:40)

